[Tue Feb 18 10:10:11.271602 2025] [ssl:warn] [pid 16292:tid 396] AH01909: www.example.com:443:0 server certificate does NOT include an ID which matches the server name
[Tue Feb 18 10:10:11.339514 2025] [ssl:warn] [pid 16292:tid 396] AH01909: www.example.com:443:0 server certificate does NOT include an ID which matches the server name
[Tue Feb 18 10:10:11.443601 2025] [mpm_winnt:notice] [pid 16292:tid 396] AH00455: Apache/2.4.56 (Win64) OpenSSL/1.1.1t PHP/8.2.4 configured -- resuming normal operations
[Tue Feb 18 10:10:11.443601 2025] [mpm_winnt:notice] [pid 16292:tid 396] AH00456: Apache Lounge VS16 Server built: Mar  7 2023 13:21:03
[Tue Feb 18 10:10:11.443601 2025] [core:notice] [pid 16292:tid 396] AH00094: Command line: 'apache\\bin\\httpd.exe -d C:/Users/Zedric Berwin/Desktop/OJT files/project system moodle/moodleinstall/server/apache -f conf\\httpd.conf'
[Tue Feb 18 10:10:11.454099 2025] [mpm_winnt:notice] [pid 16292:tid 396] AH00418: Parent: Created child process 2600
Apache server shutdown initiated...
sl:warn] [pid 2600:tid 388] AH01909: www.example.com:443:0 server certificate does NOT include an ID which matches the server name
[Tue Feb 18 10:10:12.206960 2025] [ssl:warn] [pid 2600:tid 388] AH01909: www.example.com:443:0 server certificate does NOT include an ID which matches the server name
[Tue Feb 18 10:10:12.300799 2025] [mpm_winnt:notice] [pid 2600:tid 388] AH00354: Child: Starting 150 worker threads.
[Tue Feb 18 13:49:16.246421 2025] [mpm_winnt:notice] [pid 16292:tid 396] AH00422: Parent: Received shutdown signal -- Shutting down the server.
[Tue Feb 18 13:49:18.260732 2025] [mpm_winnt:notice] [pid 2600:tid 388] AH00364: Child: All worker threads have exited.
[Tue Feb 18 13:49:18.739176 2025] [mpm_winnt:notice] [pid 16292:tid 396] AH00430: Parent: Child process 2600 exited successfully.
[Wed Feb 19 10:49:24.403395 2025] [ssl:warn] [pid 7060:tid 352] AH01909: www.example.com:443:0 server certificate does NOT include an ID which matches the server name
[Wed Feb 19 10:49:24.573083 2025] [ssl:warn] [pid 7060:tid 352] AH01909: www.example.com:443:0 server certificate does NOT include an ID which matches the server name
[Wed Feb 19 10:49:24.756175 2025] [mpm_winnt:notice] [pid 7060:tid 352] AH00455: Apache/2.4.56 (Win64) OpenSSL/1.1.1t PHP/8.2.4 configured -- resuming normal operations
[Wed Feb 19 10:49:24.756175 2025] [mpm_winnt:notice] [pid 7060:tid 352] AH00456: Apache Lounge VS16 Server built: Mar  7 2023 13:21:03
[Wed Feb 19 10:49:24.756175 2025] [core:notice] [pid 7060:tid 352] AH00094: Command line: 'apache\\bin\\httpd.exe -d C:/Users/Zedric Berwin/Desktop/OJT files/project system moodle/moodleinstall/server/apache -f conf\\httpd.conf'
[Wed Feb 19 10:49:24.771805 2025] [mpm_winnt:notice] [pid 7060:tid 352] AH00418: Parent: Created child process 17592
[Wed Feb 19 10:49:26.014471 2025] [ssl:warn] [pid 17592:tid 348] AH01909: www.example.com:443:0 server certificate does NOT include an ID which matches the server name
[Wed Feb 19 10:49:26.157226 2025] [ssl:warn] [pid 17592:tid 348] AH01909: www.example.com:443:0 server certificate does NOT include an ID which matches the server name
[Wed Feb 19 10:49:26.295907 2025] [mpm_winnt:notice] [pid 17592:tid 348] AH00354: Child: Starting 150 worker threads.
